2015-03-29 22:46:30 [INFO] Starting minecraft server version 1.5.2
2015-03-29 22:46:30 [INFO] MinecraftForge v
2015-03-29 22:46:30 [INFO] 7.8.1.738
2015-03-29 22:46:30 [INFO]  Initialized

2015-03-29 22:46:30 [INFO] Replaced 85 ore recipies
2015-03-29 22:46:31 [INFO] [Crafting Dead] Pre-Load initialized!
2015-03-29 22:46:31 [INFO] [CDC] Loaded Properties File!
2015-03-29 22:46:39 [INFO] [Crafting Dead] Pre-Load complete!
2015-03-29 22:46:39 [INFO] Loading properties
2015-03-29 22:46:39 [WARNING] server.properties does not exist
2015-03-29 22:46:39 [INFO] Generating new properties file
2015-03-29 22:46:39 [INFO] Default game type: SURVIVAL
2015-03-29 22:46:39 [INFO] Generating keypair
2015-03-29 22:46:40 [INFO] Starting Minecraft server on *:25565
2015-03-29 22:46:40 [INFO] This server is running CraftBukkit version git-MCPC-Plus-jenkins-MCPC-Plus-Legacy-617 (MC: 1.5.2) (Implementing API version 1.5.2-R1.1-SNAPSHOT)
2015-03-29 22:46:40 [INFO] Adding biome mapping 28 Zombie Forest at BiomeBase[28]
2015-03-29 22:46:40 [INFO] Adding biome mapping 29 Zombie Desert at BiomeBase[29]
2015-03-29 22:46:40 [INFO] Adding biome mapping 30 Zombie Plains at BiomeBase[30]
2015-03-29 22:46:40 [INFO] Adding biome mapping 31 Zombie Snow at BiomeBase[31]
2015-03-29 22:46:40 [INFO] Adding biome mapping 32 Zombie Wasteland at BiomeBase[32]
2015-03-29 22:46:40 [WARNING] Failed to load operators list: java.io.FileNotFoundException: ./ops.txt (No such file or directory)
2015-03-29 22:46:40 [WARNING] Failed to load white-list: java.io.FileNotFoundException: ./white-list.txt (No such file or directory)
2015-03-29 22:46:40 [INFO] [Crafting Dead] Main Loading initialized!
2015-03-29 22:46:40 [INFO] [Crafting Dead] Main Loading complete!
2015-03-29 22:46:40 [INFO] [Crafting Dead] Post Load initialized!
2015-03-29 22:46:40 [INFO] [Crafting Dead] Post Load complete!
2015-03-29 22:46:40 [INFO] Preparing level "world"
2015-03-29 22:46:40 [INFO] Registered command debug with permission node vanilla.command.debug
2015-03-29 22:46:40 [INFO] Registered command scoreboard with permission node vanilla.command.scoreboard
2015-03-29 22:46:41 [WARNING] Unable to find spawn biome
2015-03-29 22:46:44 [INFO] Preparing start region for level 0 (Dimension: 0, Seed: 344833705974549516)
2015-03-29 22:46:44 [INFO] Preparing start region for level 1 (Dimension: 1, Seed: 344833705974549516)
2015-03-29 22:46:44 [INFO] Preparing start region for level 2 (Dimension: -1, Seed: 344833705974549516)
2015-03-29 22:46:45 [INFO] Done (4.209s)! For help, type "help" or "?"
2015-03-29 22:46:45 [INFO] [Crafting Dead] FDSCompound: No file to load! Save Data first!
2015-03-29 22:46:45 [INFO] 0
2015-03-29 22:46:45 [INFO] [CDC] FDSCompound: Server Loaded
2015-03-29 22:46:45 [INFO] Registered command cdhelp with permission node com.f3rullo14.cdc.common.commands.CommandHelp
2015-03-29 22:46:45 [INFO] Registered command cdrestore with permission node com.f3rullo14.cdc.common.commands.CommandRestore
2015-03-29 22:46:45 [INFO] Registered command rspawnadd with permission node com.f3rullo14.cdc.common.commands.CommandRspawnAdd
2015-03-29 22:46:45 [INFO] Registered command rspawn with permission node com.f3rullo14.cdc.common.commands.CommandRspawn
2015-03-29 22:46:45 [INFO] Registered command rspawnremove with permission node com.f3rullo14.cdc.common.commands.CommandRspawnRemove
2015-03-29 22:46:45 [INFO] Registered command cdhumanity with permission node com.f3rullo14.cdc.common.commands.CommandHumanity
2015-03-29 22:46:45 [INFO] Registered command cdbase-small with permission node com.f3rullo14.cdc.common.commands.CommandBaseSmall
2015-03-29 22:46:45 [INFO] Registered command cdbase-medium with permission node com.f3rullo14.cdc.common.commands.CommandBaseMedium
2015-03-29 22:46:45 [INFO] Registered command cdbase-large with permission node com.f3rullo14.cdc.common.commands.CommandBaseLarge
2015-03-29 22:46:45 [INFO] Registered command cdSupplyDrop with permission node com.f3rullo14.cdc.common.commands.CommandSupplyDrop
2015-03-29 22:46:45 [INFO] Registered command cdSupplyDropAdd with permission node com.f3rullo14.cdc.common.commands.CommandSDAddSpawn
2015-03-29 22:46:45 [INFO] Registered command cdSupplyDropRemove with permission node com.f3rullo14.cdc.common.commands.CommandSDRemove
2015-03-29 22:46:45 [INFO] Registered command cdClearLag with permission node com.f3rullo14.cdc.common.commands.CommandClearLag
2015-03-30 06:29:02 [SEVERE] The server has stopped responding!
2015-03-30 06:29:04 [SEVERE] Please report this to http://www.mcportcentral.co.za/
2015-03-30 06:29:04 [SEVERE] Be sure to include ALL relevant console errors and Minecraft crash reports
2015-03-30 06:29:04 [SEVERE] MCPC+ version: git-MCPC-Plus-jenkins-MCPC-Plus-Legacy-617 (MC: 1.5.2)
2015-03-30 06:29:04 [SEVERE] Current Thread State:
2015-03-30 06:29:06 [SEVERE] ------------------------------
2015-03-30 06:29:06 [SEVERE] Current Thread: process reaper
2015-03-30 06:29:06 [SEVERE] 	PID: 26 | Suspended: false | Native: false | State: TIMED_WAITING
2015-03-30 06:29:06 [SEVERE] 	Stack:
2015-03-30 06:29:06 [SEVERE] 		sun.misc.Unsafe.park(Native Method)
2015-03-30 06:29:06 [SEVERE] 		java.util.concurrent.locks.LockSupport.parkNanos(LockSupport.java:226)
2015-03-30 06:29:06 [SEVERE] 		java.util.concurrent.SynchronousQueue$TransferStack.awaitFulfill(SynchronousQueue.java:460)
2015-03-30 06:29:06 [SEVERE] 		java.util.concurrent.SynchronousQueue$TransferStack.transfer(SynchronousQueue.java:359)
2015-03-30 06:29:06 [SEVERE] 		java.util.concurrent.SynchronousQueue.poll(SynchronousQueue.java:942)
2015-03-30 06:29:06 [SEVERE] 		java.util.concurrent.ThreadPoolExecutor.getTask(ThreadPoolExecutor.java:1068)
2015-03-30 06:29:06 [SEVERE] 		java.util.concurrent.ThreadPoolExecutor.runWorker(ThreadPoolExecutor.java:1130)
2015-03-30 06:29:06 [SEVERE] 		java.util.concurrent.ThreadPoolExecutor$Worker.run(ThreadPoolExecutor.java:615)
2015-03-30 06:29:06 [SEVERE] 		java.lang.Thread.run(Thread.java:745)
2015-03-30 06:29:06 [SEVERE] ------------------------------
2015-03-30 06:29:06 [SEVERE] Current Thread: File IO Thread
2015-03-30 06:29:06 [SEVERE] 	PID: 25 | Suspended: false | Native: false | State: TIMED_WAITING
2015-03-30 06:29:06 [SEVERE] 	Stack:
2015-03-30 06:29:06 [SEVERE] 		java.lang.Thread.sleep(Native Method)
2015-03-30 06:29:06 [SEVERE] 		net.minecraft.world.storage.ThreadedFileIOBase.func_75736_b(SourceFile:43)
2015-03-30 06:29:06 [SEVERE] 		net.minecraft.world.storage.ThreadedFileIOBase.run(SourceFile:22)
2015-03-30 06:29:06 [SEVERE] 		java.lang.Thread.run(Thread.java:745)
2015-03-30 06:29:06 [SEVERE] ------------------------------
2015-03-30 06:29:06 [SEVERE] Current Thread: Spigot Metrics Thread
2015-03-30 06:29:06 [SEVERE] 	PID: 23 | Suspended: false | Native: false | State: TIMED_WAITING
2015-03-30 06:29:06 [SEVERE] 	Stack:
2015-03-30 06:29:06 [SEVERE] 		java.lang.Object.wait(Native Method)
2015-03-30 06:29:06 [SEVERE] 		java.util.TimerThread.mainLoop(Timer.java:552)
2015-03-30 06:29:06 [SEVERE] 		java.util.TimerThread.run(Timer.java:505)
2015-03-30 06:29:06 [SEVERE] ------------------------------
2015-03-30 06:29:06 [SEVERE] Current Thread: Spigot Watchdog Thread
2015-03-30 06:29:06 [SEVERE] 	PID: 22 | Suspended: false | Native: false | State: RUNNABLE
2015-03-30 06:29:06 [SEVERE] 	Stack:
2015-03-30 06:29:06 [SEVERE] 		sun.management.ThreadImpl.dumpThreads0(Native Method)
2015-03-30 06:29:06 [SEVERE] 		sun.management.ThreadImpl.dumpAllThreads(ThreadImpl.java:446)
2015-03-30 06:29:06 [SEVERE] 		org.spigotmc.WatchdogThread.run(WatchdogThread.java:54)
2015-03-30 06:29:06 [SEVERE] ------------------------------
2015-03-30 06:29:06 [SEVERE] Current Thread: Listen thread
2015-03-30 06:29:06 [SEVERE] 	PID: 21 | Suspended: false | Native: true | State: RUNNABLE
2015-03-30 06:29:06 [SEVERE] 	Stack:
2015-03-30 06:29:06 [SEVERE] 		java.net.PlainSocketImpl.socketAccept(Native Method)
2015-03-30 06:29:06 [SEVERE] 		java.net.AbstractPlainSocketImpl.accept(AbstractPlainSocketImpl.java:398)
2015-03-30 06:29:06 [SEVERE] 		java.net.ServerSocket.implAccept(ServerSocket.java:530)
2015-03-30 06:29:06 [SEVERE] 		java.net.ServerSocket.accept(ServerSocket.java:498)
2015-03-30 06:29:06 [SEVERE] 		net.minecraft.server.ServerListenThread.run(ServerListenThread.java:82)
2015-03-30 06:29:06 [SEVERE] ------------------------------
2015-03-30 06:29:06 [SEVERE] Current Thread: Thread-6
2015-03-30 06:29:06 [SEVERE] 	PID: 17 | Suspended: false | Native: false | State: RUNNABLE
2015-03-30 06:29:06 [SEVERE] 	Thread is waiting on monitor(s):
2015-03-30 06:29:06 [SEVERE] 		Locked on:java.io.BufferedOutputStream.flush(BufferedOutputStream.java:140)
2015-03-30 06:29:06 [SEVERE] 		Locked on:java.io.PrintStream.write(PrintStream.java:482)
2015-03-30 06:29:06 [SEVERE] 		Locked on:sun.nio.cs.StreamEncoder.flush(StreamEncoder.java:141)
2015-03-30 06:29:06 [SEVERE] 	Stack:
2015-03-30 06:29:06 [SEVERE] 		java.io.FileOutputStream.writeBytes(Native Method)
2015-03-30 06:29:06 [SEVERE] 		java.io.FileOutputStream.write(FileOutputStream.java:345)
2015-03-30 06:29:06 [SEVERE] 		java.io.BufferedOutputStream.flushBuffer(BufferedOutputStream.java:82)
2015-03-30 06:29:06 [SEVERE] 		java.io.BufferedOutputStream.flush(BufferedOutputStream.java:140)
2015-03-30 06:29:06 [SEVERE] 		java.io.PrintStream.write(PrintStream.java:482)
2015-03-30 06:29:06 [SEVERE] 		sun.nio.cs.StreamEncoder.writeBytes(StreamEncoder.java:221)
2015-03-30 06:29:06 [SEVERE] 		sun.nio.cs.StreamEncoder.implFlushBuffer(StreamEncoder.java:291)
2015-03-30 06:29:06 [SEVERE] 		sun.nio.cs.StreamEncoder.implFlush(StreamEncoder.java:295)
2015-03-30 06:29:06 [SEVERE] 		sun.nio.cs.StreamEncoder.flush(StreamEncoder.java:141)
2015-03-30 06:29:06 [SEVERE] 		java.io.OutputStreamWriter.flush(OutputStreamWriter.java:229)
2015-03-30 06:29:06 [SEVERE] 		org.bukkit.craftbukkit.libs.jline.console.ConsoleReader.readLine(ConsoleReader.java:1148)
2015-03-30 06:29:06 [SEVERE] 		net.minecraft.server.dedicated.DedicatedServerCommandThread.run(DedicatedServerCommandThread.java:37)
2015-03-30 06:29:06 [SEVERE] ------------------------------
2015-03-30 06:29:06 [SEVERE] Current Thread: DestroyJavaVM
2015-03-30 06:29:06 [SEVERE] 	PID: 16 | Suspended: false | Native: false | State: RUNNABLE
2015-03-30 06:29:06 [SEVERE] 	Stack:
2015-03-30 06:29:06 [SEVERE] ------------------------------
2015-03-30 06:29:06 [SEVERE] Current Thread: Server thread
2015-03-30 06:29:06 [SEVERE] 	PID: 14 | Suspended: false | Native: false | State: TIMED_WAITING
2015-03-30 06:29:06 [SEVERE] 	Stack:
2015-03-30 06:29:06 [SEVERE] 		java.lang.Thread.sleep(Native Method)
2015-03-30 06:29:06 [SEVERE] 		net.minecraft.server.MinecraftServer.run(MinecraftServer.java:587)
2015-03-30 06:29:06 [SEVERE] 		net.minecraft.server.ThreadMinecraftServer.run(SourceFile:573)
2015-03-30 06:29:06 [SEVERE] ------------------------------
2015-03-30 06:29:06 [SEVERE] Current Thread: Thread-5
2015-03-30 06:29:06 [SEVERE] 	PID: 15 | Suspended: false | Native: false | State: TIMED_WAITING
2015-03-30 06:29:06 [SEVERE] 	Stack:
2015-03-30 06:29:06 [SEVERE] 		java.lang.Thread.sleep(Native Method)
2015-03-30 06:29:06 [SEVERE] 		net.minecraft.server.dedicated.DedicatedServerSleepThread.run(SourceFile:60)
2015-03-30 06:29:06 [SEVERE] ------------------------------
2015-03-30 06:29:06 [SEVERE] Current Thread: Snooper Timer
2015-03-30 06:29:06 [SEVERE] 	PID: 10 | Suspended: false | Native: false | State: TIMED_WAITING
2015-03-30 06:29:06 [SEVERE] 	Stack:
2015-03-30 06:29:06 [SEVERE] 		java.lang.Object.wait(Native Method)
2015-03-30 06:29:06 [SEVERE] 		java.util.TimerThread.mainLoop(Timer.java:552)
2015-03-30 06:29:06 [SEVERE] 		java.util.TimerThread.run(Timer.java:505)
2015-03-30 06:29:06 [SEVERE] ------------------------------
2015-03-30 06:29:06 [SEVERE] Current Thread: Signal Dispatcher
2015-03-30 06:29:06 [SEVERE] 	PID: 4 | Suspended: false | Native: false | State: RUNNABLE
2015-03-30 06:29:06 [SEVERE] 	Stack:
2015-03-30 06:29:06 [SEVERE] ------------------------------
2015-03-30 20:10:31 [SEVERE] Reached end of stream
2015-03-30 20:10:31 [INFO] /127.0.0.1:61794 lost connection
2015-03-30 20:10:31 [INFO] /127.0.0.1:61886 lost connection
2015-03-30 20:16:08 [SEVERE] Reached end of stream
2015-03-30 20:16:08 [INFO] /127.0.0.1:62330 lost connection
2015-03-30 20:23:08 [SEVERE] Reached end of stream
2015-03-30 20:23:08 [INFO] /127.0.0.1:62822 lost connection
2015-03-30 20:23:08 [INFO] /127.0.0.1:62867 lost connection
2015-03-30 22:07:32 [INFO] Starting minecraft server version 1.5.2
2015-03-30 22:07:32 [INFO] MinecraftForge v
2015-03-30 22:07:32 [INFO] 7.8.1.738
2015-03-30 22:07:32 [INFO]  Initialized

2015-03-30 22:07:32 [INFO] Replaced 85 ore recipies
2015-03-30 22:07:35 [INFO] [Crafting Dead] Pre-Load initialized!
2015-03-30 22:07:35 [INFO] [CDC] Loaded Properties File!
2015-03-30 22:07:39 [INFO] [Crafting Dead] Pre-Load complete!
2015-03-30 22:07:39 [INFO] Loading properties
2015-03-30 22:07:39 [INFO] Default game type: SURVIVAL
2015-03-30 22:07:39 [INFO] Generating keypair
2015-03-30 22:07:39 [INFO] Starting Minecraft server on *:25565
2015-03-30 22:07:40 [INFO] This server is running CraftBukkit version git-MCPC-Plus-jenkins-MCPC-Plus-Legacy-617 (MC: 1.5.2) (Implementing API version 1.5.2-R1.1-SNAPSHOT)
2015-03-30 22:07:40 [INFO] Adding biome mapping 28 Zombie Forest at BiomeBase[28]
2015-03-30 22:07:40 [INFO] Adding biome mapping 29 Zombie Desert at BiomeBase[29]
2015-03-30 22:07:40 [INFO] Adding biome mapping 30 Zombie Plains at BiomeBase[30]
2015-03-30 22:07:40 [INFO] Adding biome mapping 31 Zombie Snow at BiomeBase[31]
2015-03-30 22:07:40 [INFO] Adding biome mapping 32 Zombie Wasteland at BiomeBase[32]
2015-03-30 22:07:40 [INFO] [Crafting Dead] Main Loading initialized!
2015-03-30 22:07:41 [INFO] [Crafting Dead] Main Loading complete!
2015-03-30 22:07:41 [INFO] [Crafting Dead] Post Load initialized!
2015-03-30 22:07:41 [INFO] [Crafting Dead] Post Load complete!
2015-03-30 22:07:41 [INFO] Preparing level "world"
2015-03-30 22:07:41 [INFO] Registered command debug with permission node vanilla.command.debug
2015-03-30 22:07:41 [INFO] Registered command scoreboard with permission node vanilla.command.scoreboard
2015-03-30 22:07:41 [INFO] Preparing start region for level 0 (Dimension: 0, Seed: -4837208292255547006)
2015-03-30 22:07:42 [INFO] Preparing start region for level 1 (Dimension: 1, Seed: 344833705974549516)
2015-03-30 22:07:42 [INFO] Preparing start region for level 2 (Dimension: -1, Seed: -4837208292255547006)
2015-03-30 22:07:42 [INFO] Server permissions file permissions.yml is empty, ignoring it
2015-03-30 22:07:42 [INFO] Done (1.629s)! For help, type "help" or "?"
2015-03-30 22:07:42 [INFO] [Crafting Dead] FDSCompound: No file to load! Save Data first!
2015-03-30 22:07:42 [INFO] 0
2015-03-30 22:07:42 [INFO] [CDC] FDSCompound: Server Loaded
2015-03-30 22:07:42 [INFO] Registered command cdhelp with permission node com.f3rullo14.cdc.common.commands.CommandHelp
2015-03-30 22:07:42 [INFO] Registered command cdrestore with permission node com.f3rullo14.cdc.common.commands.CommandRestore
2015-03-30 22:07:42 [INFO] Registered command rspawnadd with permission node com.f3rullo14.cdc.common.commands.CommandRspawnAdd
2015-03-30 22:07:42 [INFO] Registered command rspawn with permission node com.f3rullo14.cdc.common.commands.CommandRspawn
2015-03-30 22:07:42 [INFO] Registered command rspawnremove with permission node com.f3rullo14.cdc.common.commands.CommandRspawnRemove
2015-03-30 22:07:42 [INFO] Registered command cdhumanity with permission node com.f3rullo14.cdc.common.commands.CommandHumanity
2015-03-30 22:07:42 [INFO] Registered command cdbase-small with permission node com.f3rullo14.cdc.common.commands.CommandBaseSmall
2015-03-30 22:07:42 [INFO] Registered command cdbase-medium with permission node com.f3rullo14.cdc.common.commands.CommandBaseMedium
2015-03-30 22:07:42 [INFO] Registered command cdbase-large with permission node com.f3rullo14.cdc.common.commands.CommandBaseLarge
2015-03-30 22:07:42 [INFO] Registered command cdSupplyDrop with permission node com.f3rullo14.cdc.common.commands.CommandSupplyDrop
2015-03-30 22:07:42 [INFO] Registered command cdSupplyDropAdd with permission node com.f3rullo14.cdc.common.commands.CommandSDAddSpawn
2015-03-30 22:07:42 [INFO] Registered command cdSupplyDropRemove with permission node com.f3rullo14.cdc.common.commands.CommandSDRemove
2015-03-30 22:07:42 [INFO] Registered command cdClearLag with permission node com.f3rullo14.cdc.common.commands.CommandClearLag
2015-03-30 22:13:03 [INFO] zwicker_[/1.133.95.208:48750] logged in with entity id 1 at ([world] -226.5, 79.0, 256.5)
2015-03-30 22:13:34 [INFO] CONSOLE: Opped zwicker_[m
2015-03-30 22:13:52 [INFO] zwicker_ issued server command: /gamemode zwicker_ 1
2015-03-30 22:14:10 [INFO] zwicker_ issued server command: /gamemode 1 zwicker_
2015-03-30 22:14:10 [INFO] zwicker_: Set own game mode to CREATIVE mode[m
2015-03-30 22:15:47 [INFO] Unknown command. Type "help" for help.[m
2015-03-30 22:16:54 [INFO] Starting minecraft server version 1.5.2
2015-03-30 22:16:54 [INFO] MinecraftForge v
2015-03-30 22:16:54 [INFO] 7.8.1.738
2015-03-30 22:16:54 [INFO]  Initialized

2015-03-30 22:16:54 [INFO] Replaced 85 ore recipies
2015-03-30 22:16:57 [INFO] [Crafting Dead] Pre-Load initialized!
2015-03-30 22:16:57 [INFO] [CDC] Loaded Properties File!
2015-03-30 22:17:01 [INFO] [Crafting Dead] Pre-Load complete!
2015-03-30 22:17:01 [INFO] Loading properties
2015-03-30 22:17:01 [INFO] Default game type: SURVIVAL
2015-03-30 22:17:01 [INFO] Generating keypair
2015-03-30 22:17:01 [INFO] Starting Minecraft server on *:25565
2015-03-30 22:17:02 [INFO] This server is running CraftBukkit version git-MCPC-Plus-jenkins-MCPC-Plus-Legacy-617 (MC: 1.5.2) (Implementing API version 1.5.2-R1.1-SNAPSHOT)
2015-03-30 22:17:02 [INFO] Adding biome mapping 28 Zombie Forest at BiomeBase[28]
2015-03-30 22:17:02 [INFO] Adding biome mapping 29 Zombie Desert at BiomeBase[29]
2015-03-30 22:17:02 [INFO] Adding biome mapping 30 Zombie Plains at BiomeBase[30]
2015-03-30 22:17:02 [INFO] Adding biome mapping 31 Zombie Snow at BiomeBase[31]
2015-03-30 22:17:02 [INFO] Adding biome mapping 32 Zombie Wasteland at BiomeBase[32]
2015-03-30 22:17:03 [INFO] [Crafting Dead] Main Loading initialized!
2015-03-30 22:17:03 [INFO] [Crafting Dead] Main Loading complete!
2015-03-30 22:17:03 [INFO] [Crafting Dead] Post Load initialized!
2015-03-30 22:17:03 [INFO] [Crafting Dead] Post Load complete!
2015-03-30 22:17:03 [INFO] Preparing level "world"
2015-03-30 22:17:03 [INFO] Registered command debug with permission node vanilla.command.debug
2015-03-30 22:17:03 [INFO] Registered command scoreboard with permission node vanilla.command.scoreboard
2015-03-30 22:17:04 [INFO] Preparing start region for level 0 (Dimension: 0, Seed: -9020418639794869376)
2015-03-30 22:17:05 [INFO] Preparing start region for level 1 (Dimension: 1, Seed: 344833705974549516)
2015-03-30 22:17:05 [INFO] Preparing start region for level 2 (Dimension: -1, Seed: -9020418639794869376)
2015-03-30 22:17:05 [INFO] Server permissions file permissions.yml is empty, ignoring it
2015-03-30 22:17:05 [INFO] Done (1.485s)! For help, type "help" or "?"
2015-03-30 22:17:05 [INFO] [Crafting Dead] FDSCompound: No file to load! Save Data first!
2015-03-30 22:17:05 [INFO] 0
2015-03-30 22:17:05 [INFO] [CDC] FDSCompound: Server Loaded
2015-03-30 22:17:05 [INFO] Registered command cdhelp with permission node com.f3rullo14.cdc.common.commands.CommandHelp
2015-03-30 22:17:05 [INFO] Registered command cdrestore with permission node com.f3rullo14.cdc.common.commands.CommandRestore
2015-03-30 22:17:05 [INFO] Registered command rspawnadd with permission node com.f3rullo14.cdc.common.commands.CommandRspawnAdd
2015-03-30 22:17:05 [INFO] Registered command rspawn with permission node com.f3rullo14.cdc.common.commands.CommandRspawn
2015-03-30 22:17:05 [INFO] Registered command rspawnremove with permission node com.f3rullo14.cdc.common.commands.CommandRspawnRemove
2015-03-30 22:17:05 [INFO] Registered command cdhumanity with permission node com.f3rullo14.cdc.common.commands.CommandHumanity
2015-03-30 22:17:05 [INFO] Registered command cdbase-small with permission node com.f3rullo14.cdc.common.commands.CommandBaseSmall
2015-03-30 22:17:05 [INFO] Registered command cdbase-medium with permission node com.f3rullo14.cdc.common.commands.CommandBaseMedium
2015-03-30 22:17:05 [INFO] Registered command cdbase-large with permission node com.f3rullo14.cdc.common.commands.CommandBaseLarge
2015-03-30 22:17:05 [INFO] Registered command cdSupplyDrop with permission node com.f3rullo14.cdc.common.commands.CommandSupplyDrop
2015-03-30 22:17:05 [INFO] Registered command cdSupplyDropAdd with permission node com.f3rullo14.cdc.common.commands.CommandSDAddSpawn
2015-03-30 22:17:05 [INFO] Registered command cdSupplyDropRemove with permission node com.f3rullo14.cdc.common.commands.CommandSDRemove
2015-03-30 22:17:05 [INFO] Registered command cdClearLag with permission node com.f3rullo14.cdc.common.commands.CommandClearLag
2015-03-30 22:17:26 [INFO] zwicker_[/1.133.95.208:46083] logged in with entity id 1 at ([world] -271.0950034083461, 119.36860436768399, 184.3606912756564)
2015-03-30 22:17:46 [INFO] zwicker_ issued server command: /help
2015-03-30 22:17:55 [INFO] zwicker_ issued server command: /kill zwicker_
2015-03-30 22:17:55 [INFO] zwicker_ died
2015-03-30 22:18:47 [INFO] zwicker_ lost connection: disconnect.quitting
2015-03-30 22:18:47 [INFO] Connection reset
2015-03-31 09:38:16 [INFO] Starting minecraft server version 1.5.2
2015-03-31 09:38:17 [INFO] MinecraftForge v
2015-03-31 09:38:17 [INFO] 7.8.1.738
2015-03-31 09:38:17 [INFO]  Initialized

2015-03-31 09:38:17 [INFO] Replaced 85 ore recipies
2015-03-31 09:38:20 [INFO] [Crafting Dead] Pre-Load initialized!
2015-03-31 09:38:20 [INFO] [CDC] Loaded Properties File!
2015-03-31 09:38:23 [INFO] [Crafting Dead] Pre-Load complete!
2015-03-31 09:38:24 [INFO] Loading properties
2015-03-31 09:38:24 [INFO] Default game type: SURVIVAL
2015-03-31 09:38:24 [INFO] Generating keypair
2015-03-31 09:38:24 [INFO] Starting Minecraft server on *:25565
2015-03-31 09:38:25 [INFO] This server is running CraftBukkit version git-MCPC-Plus-jenkins-MCPC-Plus-Legacy-617 (MC: 1.5.2) (Implementing API version 1.5.2-R1.1-SNAPSHOT)
2015-03-31 09:38:25 [INFO] Adding biome mapping 28 Zombie Forest at BiomeBase[28]
2015-03-31 09:38:25 [INFO] Adding biome mapping 29 Zombie Desert at BiomeBase[29]
2015-03-31 09:38:25 [INFO] Adding biome mapping 30 Zombie Plains at BiomeBase[30]
2015-03-31 09:38:25 [INFO] Adding biome mapping 31 Zombie Snow at BiomeBase[31]
2015-03-31 09:38:25 [INFO] Adding biome mapping 32 Zombie Wasteland at BiomeBase[32]
2015-03-31 09:38:26 [INFO] [Crafting Dead] Main Loading initialized!
2015-03-31 09:38:26 [INFO] [Crafting Dead] Main Loading complete!
2015-03-31 09:38:26 [INFO] [Crafting Dead] Post Load initialized!
2015-03-31 09:38:26 [INFO] [Crafting Dead] Post Load complete!
2015-03-31 09:38:26 [INFO] Preparing level "world"
2015-03-31 09:38:26 [INFO] Registered command debug with permission node vanilla.command.debug
2015-03-31 09:38:26 [INFO] Registered command scoreboard with permission node vanilla.command.scoreboard
2015-03-31 09:38:26 [INFO] Preparing start region for level 0 (Dimension: 0, Seed: -9020418639794869376)
2015-03-31 09:38:27 [INFO] Preparing start region for level 1 (Dimension: 1, Seed: 344833705974549516)
2015-03-31 09:38:27 [INFO] Preparing start region for level 2 (Dimension: -1, Seed: -9020418639794869376)
2015-03-31 09:38:27 [INFO] Server permissions file permissions.yml is empty, ignoring it
2015-03-31 09:38:27 [INFO] Done (1.071s)! For help, type "help" or "?"
2015-03-31 09:38:27 [INFO] [Crafting Dead] FDSCompound: No file to load! Save Data first!
2015-03-31 09:38:27 [INFO] 0
2015-03-31 09:38:27 [INFO] [CDC] FDSCompound: Server Loaded
2015-03-31 09:38:27 [INFO] Registered command cdhelp with permission node com.f3rullo14.cdc.common.commands.CommandHelp
2015-03-31 09:38:27 [INFO] Registered command cdrestore with permission node com.f3rullo14.cdc.common.commands.CommandRestore
2015-03-31 09:38:27 [INFO] Registered command rspawnadd with permission node com.f3rullo14.cdc.common.commands.CommandRspawnAdd
2015-03-31 09:38:27 [INFO] Registered command rspawn with permission node com.f3rullo14.cdc.common.commands.CommandRspawn
2015-03-31 09:38:27 [INFO] Registered command rspawnremove with permission node com.f3rullo14.cdc.common.commands.CommandRspawnRemove
2015-03-31 09:38:27 [INFO] Registered command cdhumanity with permission node com.f3rullo14.cdc.common.commands.CommandHumanity
2015-03-31 09:38:27 [INFO] Registered command cdbase-small with permission node com.f3rullo14.cdc.common.commands.CommandBaseSmall
2015-03-31 09:38:27 [INFO] Registered command cdbase-medium with permission node com.f3rullo14.cdc.common.commands.CommandBaseMedium
2015-03-31 09:38:27 [INFO] Registered command cdbase-large with permission node com.f3rullo14.cdc.common.commands.CommandBaseLarge
2015-03-31 09:38:27 [INFO] Registered command cdSupplyDrop with permission node com.f3rullo14.cdc.common.commands.CommandSupplyDrop
2015-03-31 09:38:27 [INFO] Registered command cdSupplyDropAdd with permission node com.f3rullo14.cdc.common.commands.CommandSDAddSpawn
2015-03-31 09:38:27 [INFO] Registered command cdSupplyDropRemove with permission node com.f3rullo14.cdc.common.commands.CommandSDRemove
2015-03-31 09:38:27 [INFO] Registered command cdClearLag with permission node com.f3rullo14.cdc.common.commands.CommandClearLag
2015-03-31 09:38:37 [INFO] Stopping server
2015-03-31 09:44:18 [INFO] Starting minecraft server version 1.5.2
2015-03-31 09:44:18 [INFO] MinecraftForge v
2015-03-31 09:44:18 [INFO] 7.8.1.738
2015-03-31 09:44:18 [INFO]  Initialized

2015-03-31 09:44:18 [INFO] Replaced 85 ore recipies
2015-03-31 09:44:21 [INFO] [Crafting Dead] Pre-Load initialized!
2015-03-31 09:44:21 [INFO] [CDC] Loaded Properties File!
2015-03-31 09:44:25 [INFO] [Crafting Dead] Pre-Load complete!
2015-03-31 09:44:25 [INFO] Loading properties
2015-03-31 09:44:25 [INFO] Default game type: SURVIVAL
2015-03-31 09:44:25 [INFO] Generating keypair
2015-03-31 09:44:26 [INFO] Starting Minecraft server on *:25565
2015-03-31 09:44:26 [INFO] This server is running CraftBukkit version git-MCPC-Plus-jenkins-MCPC-Plus-Legacy-617 (MC: 1.5.2) (Implementing API version 1.5.2-R1.1-SNAPSHOT)
2015-03-31 09:44:27 [INFO] Adding biome mapping 28 Zombie Forest at BiomeBase[28]
2015-03-31 09:44:27 [INFO] Adding biome mapping 29 Zombie Desert at BiomeBase[29]
2015-03-31 09:44:27 [INFO] Adding biome mapping 30 Zombie Plains at BiomeBase[30]
2015-03-31 09:44:27 [INFO] Adding biome mapping 31 Zombie Snow at BiomeBase[31]
2015-03-31 09:44:27 [INFO] Adding biome mapping 32 Zombie Wasteland at BiomeBase[32]
2015-03-31 09:44:27 [INFO] [Crafting Dead] Main Loading initialized!
2015-03-31 09:44:27 [INFO] [Crafting Dead] Main Loading complete!
2015-03-31 09:44:27 [INFO] [Crafting Dead] Post Load initialized!
2015-03-31 09:44:27 [INFO] [Crafting Dead] Post Load complete!
2015-03-31 09:44:27 [INFO] Preparing level "world"
2015-03-31 09:44:27 [INFO] Registered command debug with permission node vanilla.command.debug
2015-03-31 09:44:27 [INFO] Registered command scoreboard with permission node vanilla.command.scoreboard
2015-03-31 09:44:28 [INFO] Preparing start region for level 0 (Dimension: 0, Seed: -9020418639794869376)
2015-03-31 09:44:28 [INFO] Preparing start region for level 1 (Dimension: 1, Seed: 344833705974549516)
2015-03-31 09:44:28 [INFO] Preparing start region for level 2 (Dimension: -1, Seed: -9020418639794869376)
2015-03-31 09:44:28 [INFO] Server permissions file permissions.yml is empty, ignoring it
2015-03-31 09:44:29 [INFO] Done (1.462s)! For help, type "help" or "?"
2015-03-31 09:44:29 [INFO] [Crafting Dead] FDSCompound: No file to load! Save Data first!
2015-03-31 09:44:29 [INFO] 0
2015-03-31 09:44:29 [INFO] [CDC] FDSCompound: Server Loaded
2015-03-31 09:44:29 [INFO] Registered command cdhelp with permission node com.f3rullo14.cdc.common.commands.CommandHelp
2015-03-31 09:44:29 [INFO] Registered command cdrestore with permission node com.f3rullo14.cdc.common.commands.CommandRestore
2015-03-31 09:44:29 [INFO] Registered command rspawnadd with permission node com.f3rullo14.cdc.common.commands.CommandRspawnAdd
2015-03-31 09:44:29 [INFO] Registered command rspawn with permission node com.f3rullo14.cdc.common.commands.CommandRspawn
2015-03-31 09:44:29 [INFO] Registered command rspawnremove with permission node com.f3rullo14.cdc.common.commands.CommandRspawnRemove
2015-03-31 09:44:29 [INFO] Registered command cdhumanity with permission node com.f3rullo14.cdc.common.commands.CommandHumanity
2015-03-31 09:44:29 [INFO] Registered command cdbase-small with permission node com.f3rullo14.cdc.common.commands.CommandBaseSmall
2015-03-31 09:44:29 [INFO] Registered command cdbase-medium with permission node com.f3rullo14.cdc.common.commands.CommandBaseMedium
2015-03-31 09:44:29 [INFO] Registered command cdbase-large with permission node com.f3rullo14.cdc.common.commands.CommandBaseLarge
2015-03-31 09:44:29 [INFO] Registered command cdSupplyDrop with permission node com.f3rullo14.cdc.common.commands.CommandSupplyDrop
2015-03-31 09:44:29 [INFO] Registered command cdSupplyDropAdd with permission node com.f3rullo14.cdc.common.commands.CommandSDAddSpawn
2015-03-31 09:44:29 [INFO] Registered command cdSupplyDropRemove with permission node com.f3rullo14.cdc.common.commands.CommandSDRemove
2015-03-31 09:44:29 [INFO] Registered command cdClearLag with permission node com.f3rullo14.cdc.common.commands.CommandClearLag
2015-03-31 09:45:44 [INFO] Unknown command. Type "help" for help.[m
2015-03-31 10:12:31 [SEVERE] null
java.io.IOException: Input/output error
	at java.io.FileInputStream.readBytes(Native Method)
	at java.io.FileInputStream.read(FileInputStream.java:272)
	at java.io.BufferedInputStream.fill(BufferedInputStream.java:235)
	at java.io.BufferedInputStream.read(BufferedInputStream.java:254)
	at java.io.FilterInputStream.read(FilterInputStream.java:83)
	at org.bukkit.craftbukkit.libs.jline.console.ConsoleReader$1.read(ConsoleReader.java:167)
	at org.bukkit.craftbukkit.libs.jline.internal.InputStreamReader.read(InputStreamReader.java:267)
	at org.bukkit.craftbukkit.libs.jline.internal.InputStreamReader.read(InputStreamReader.java:204)
	at org.bukkit.craftbukkit.libs.jline.console.ConsoleReader.readCharacter(ConsoleReader.java:995)
	at org.bukkit.craftbukkit.libs.jline.console.ConsoleReader.readLine(ConsoleReader.java:1167)
	at net.minecraft.server.dedicated.DedicatedServerCommandThread.run(DedicatedServerCommandThread.java:37)
2015-03-31 10:19:50 [INFO] Starting minecraft server version 1.5.2
2015-03-31 10:19:50 [INFO] MinecraftForge v
2015-03-31 10:19:50 [INFO] 7.8.1.738
2015-03-31 10:19:50 [INFO]  Initialized

2015-03-31 10:19:50 [INFO] Replaced 85 ore recipies
2015-03-31 10:19:53 [INFO] [Crafting Dead] Pre-Load initialized!
2015-03-31 10:19:53 [INFO] [CDC] Loaded Properties File!
2015-03-31 10:19:57 [INFO] [Crafting Dead] Pre-Load complete!
2015-03-31 10:19:57 [INFO] Loading properties
2015-03-31 10:19:57 [INFO] Default game type: SURVIVAL
2015-03-31 10:19:57 [INFO] Generating keypair
2015-03-31 10:19:57 [INFO] Starting Minecraft server on *:25565
2015-03-31 10:19:58 [INFO] This server is running CraftBukkit version git-MCPC-Plus-jenkins-MCPC-Plus-Legacy-617 (MC: 1.5.2) (Implementing API version 1.5.2-R1.1-SNAPSHOT)
2015-03-31 10:19:58 [INFO] Adding biome mapping 28 Zombie Forest at BiomeBase[28]
2015-03-31 10:19:58 [INFO] Adding biome mapping 29 Zombie Desert at BiomeBase[29]
2015-03-31 10:19:58 [INFO] Adding biome mapping 30 Zombie Plains at BiomeBase[30]
2015-03-31 10:19:58 [INFO] Adding biome mapping 31 Zombie Snow at BiomeBase[31]
2015-03-31 10:19:58 [INFO] Adding biome mapping 32 Zombie Wasteland at BiomeBase[32]
2015-03-31 10:19:59 [INFO] [Crafting Dead] Main Loading initialized!
2015-03-31 10:19:59 [INFO] [Crafting Dead] Main Loading complete!
2015-03-31 10:19:59 [INFO] [Crafting Dead] Post Load initialized!
2015-03-31 10:19:59 [INFO] [Crafting Dead] Post Load complete!
2015-03-31 10:19:59 [INFO] Preparing level "world"
2015-03-31 10:19:59 [INFO] Registered command debug with permission node vanilla.command.debug
2015-03-31 10:19:59 [INFO] Registered command scoreboard with permission node vanilla.command.scoreboard
2015-03-31 10:19:59 [INFO] Preparing start region for level 0 (Dimension: 0, Seed: -9020418639794869376)
2015-03-31 10:20:00 [INFO] Preparing start region for level 1 (Dimension: 1, Seed: 344833705974549516)
2015-03-31 10:20:00 [INFO] Preparing start region for level 2 (Dimension: -1, Seed: -9020418639794869376)
2015-03-31 10:20:00 [INFO] Server permissions file permissions.yml is empty, ignoring it
2015-03-31 10:20:00 [INFO] Done (1.366s)! For help, type "help" or "?"
2015-03-31 10:20:00 [INFO] [Crafting Dead] FDSCompound: No file to load! Save Data first!
2015-03-31 10:20:00 [INFO] 0
2015-03-31 10:20:00 [INFO] [CDC] FDSCompound: Server Loaded
2015-03-31 10:20:00 [INFO] Registered command cdhelp with permission node com.f3rullo14.cdc.common.commands.CommandHelp
2015-03-31 10:20:00 [INFO] Registered command cdrestore with permission node com.f3rullo14.cdc.common.commands.CommandRestore
2015-03-31 10:20:00 [INFO] Registered command rspawnadd with permission node com.f3rullo14.cdc.common.commands.CommandRspawnAdd
2015-03-31 10:20:00 [INFO] Registered command rspawn with permission node com.f3rullo14.cdc.common.commands.CommandRspawn
2015-03-31 10:20:00 [INFO] Registered command rspawnremove with permission node com.f3rullo14.cdc.common.commands.CommandRspawnRemove
2015-03-31 10:20:00 [INFO] Registered command cdhumanity with permission node com.f3rullo14.cdc.common.commands.CommandHumanity
2015-03-31 10:20:00 [INFO] Registered command cdbase-small with permission node com.f3rullo14.cdc.common.commands.CommandBaseSmall
2015-03-31 10:20:00 [INFO] Registered command cdbase-medium with permission node com.f3rullo14.cdc.common.commands.CommandBaseMedium
2015-03-31 10:20:00 [INFO] Registered command cdbase-large with permission node com.f3rullo14.cdc.common.commands.CommandBaseLarge
2015-03-31 10:20:00 [INFO] Registered command cdSupplyDrop with permission node com.f3rullo14.cdc.common.commands.CommandSupplyDrop
2015-03-31 10:20:00 [INFO] Registered command cdSupplyDropAdd with permission node com.f3rullo14.cdc.common.commands.CommandSDAddSpawn
2015-03-31 10:20:00 [INFO] Registered command cdSupplyDropRemove with permission node com.f3rullo14.cdc.common.commands.CommandSDRemove
2015-03-31 10:20:00 [INFO] Registered command cdClearLag with permission node com.f3rullo14.cdc.common.commands.CommandClearLag
2015-03-31 10:20:11 [INFO] zwicker_[/124.150.121.143:49686] logged in with entity id 7 at ([world] -98.5783649200705, 75.0, -39.20249829190429)
2015-03-31 10:48:51 [INFO] SparkleMistress[/124.150.121.143:55341] logged in with entity id 1852 at ([world] -100.5, 46.0, -77.5)
2015-03-31 10:49:18 [INFO] SparkleMistress drowned
2015-03-31 10:49:26 [INFO] CONSOLE: Opped SparkleMistress[m
2015-03-31 10:49:34 [INFO] [0;31;1mUsage: /tp [player] <target> and/or <x> <y> <z>[m
2015-03-31 10:49:51 [INFO] zwicker_ issued server command: /tp SparkleMistress zwicker
2015-03-31 10:49:57 [INFO] zwicker_ issued server command: /tp SparkleMistress zwicker_
2015-03-31 10:49:57 [INFO] zwicker_: Teleported SparkleMistress to zwicker_[m
2015-03-31 10:50:03 [INFO] zwicker_ issued server command: /gamemode
2015-03-31 10:50:08 [INFO] SparkleMistress died.
2015-03-31 10:50:20 [INFO] zwicker_ issued server command: /gamemode 1 SparkleMistress
2015-03-31 10:50:20 [INFO] zwicker_: Set SparkleMistress's game mode to CREATIVE mode[m
2015-03-31 10:50:37 [INFO] zwicker_ issued server command: /tp SparkleMistress zwicker_
2015-03-31 10:50:37 [INFO] zwicker_: Teleported SparkleMistress to zwicker_[m
2015-03-31 11:12:52 [INFO] Wirewolf616[/124.148.56.206:50361] logged in with entity id 3102 at ([world] -113.5, 64.0, -103.5)
2015-03-31 11:13:13 [INFO] zwicker_ issued server command: /gamemode 1 Wirewolf616
2015-03-31 11:13:13 [INFO] zwicker_: Set Wirewolf616's game mode to CREATIVE mode[m
2015-03-31 11:13:24 [INFO] zwicker_ issued server command: /tp Wirewolf616 zwicker_
2015-03-31 11:13:24 [INFO] zwicker_: Teleported Wirewolf616 to zwicker_[m
2015-03-31 11:32:46 [INFO] zwicker_ issued server command: /tp Wirewolf616 zwicker_
2015-03-31 11:32:46 [INFO] zwicker_: Teleported Wirewolf616 to zwicker_[m
2015-03-31 11:45:15 [INFO] zwicker_ issued server command: /tp zwicker_ sparklemistress
2015-03-31 11:45:15 [INFO] zwicker_: Teleported zwicker_ to SparkleMistress[m
2015-03-31 11:46:03 [INFO] zwicker_ issued server command: /tp zwicker_ wirewolf616
2015-03-31 11:46:03 [INFO] zwicker_: Teleported zwicker_ to Wirewolf616[m
2015-03-31 11:46:22 [INFO] <Wirewolf616> what do you want to do next?[m
2015-03-31 11:46:25 [INFO] SparkleMistress lost connection: disconnect.endOfStream
2015-03-31 11:46:51 [INFO] <zwicker_> Just clearing out some land[m
2015-03-31 11:47:01 [INFO] <zwicker_> or looking for more settlements[m
2015-03-31 11:48:54 [INFO] <Wirewolf616> wow guns are really good for digging...[m
2015-03-31 11:49:01 [INFO] <Wirewolf616> wth[m
2015-03-31 11:49:10 [INFO] <zwicker_> hahaha[m
2015-03-31 12:00:44 [INFO] <zwicker_> thats awesome flames![m
2015-03-31 12:01:06 [INFO] <Wirewolf616> ^^ Thanks. They look better than glowstone[m
2015-03-31 12:03:20 [INFO] <Wirewolf616> And now we have our town mascot[m
2015-03-31 12:03:28 [INFO] <zwicker_> ??[m
2015-03-31 12:03:39 [INFO] <Wirewolf616> Burnie the Smiley Face[m
2015-03-31 12:03:46 [INFO] <zwicker_> hahahaha hes awesome[m
2015-03-31 12:03:57 [SEVERE] java.lang.InstantiationException: com.f3rullo14.cdc.common.blocks.tileentity.TileEntityTentSmall
2015-03-31 12:03:57 [SEVERE] 	at java.lang.Class.newInstance(Class.java:364)
2015-03-31 12:03:57 [SEVERE] 	at net.minecraft.tileentity.TileEntity.func_70317_c(TileEntity.java:143)
2015-03-31 12:03:57 [SEVERE] 	at net.minecraft.world.chunk.storage.AnvilChunkLoader.loadEntities(AnvilChunkLoader.java:554)
2015-03-31 12:03:57 [SEVERE] 	at net.minecraft.world.chunk.storage.AnvilChunkLoader.func_75815_a(AnvilChunkLoader.java:80)
2015-03-31 12:03:57 [SEVERE] 	at net.minecraft.world.gen.ChunkProviderServer.func_73239_e(ChunkProviderServer.java:284)
2015-03-31 12:03:57 [SEVERE] 	at net.minecraft.world.gen.ChunkProviderServer.getChunkAt(ChunkProviderServer.java:178)
2015-03-31 12:03:57 [SEVERE] 	at net.minecraft.world.gen.ChunkProviderServer.func_73158_c(ChunkProviderServer.java:148)
2015-03-31 12:03:57 [SEVERE] 	at net.minecraft.world.gen.ChunkProviderServer.func_73154_d(ChunkProviderServer.java:251)
2015-03-31 12:03:57 [SEVERE] 	at net.minecraft.world.World.func_72964_e(World.java:721)
2015-03-31 12:03:57 [SEVERE] 	at net.minecraft.world.World.func_72849_a(World.java:1247)
2015-03-31 12:03:57 [SEVERE] 	at net.minecraft.world.World.func_72849_a(World.java:1207)
2015-03-31 12:03:57 [SEVERE] 	at net.minecraft.world.World.func_72957_l(World.java:1188)
2015-03-31 12:03:57 [SEVERE] 	at net.minecraft.block.BlockGrass.func_71847_b(BlockGrass.java:30)
2015-03-31 12:03:57 [SEVERE] 	at net.minecraft.world.WorldServer.func_72893_g(WorldServer.java:686)
2015-03-31 12:03:57 [SEVERE] 	at net.minecraft.world.WorldServer.func_72835_b(WorldServer.java:382)
2015-03-31 12:03:57 [SEVERE] 	at net.minecraft.server.MinecraftServer.func_71190_q(MinecraftServer.java:809)
2015-03-31 12:03:57 [SEVERE] 	at net.minecraft.server.dedicated.DedicatedServer.func_71190_q(DedicatedServer.java:320)
2015-03-31 12:03:57 [SEVERE] 	at net.minecraft.server.MinecraftServer.func_71217_p(MinecraftServer.java:716)
2015-03-31 12:03:57 [SEVERE] 	at net.minecraft.server.MinecraftServer.run(MinecraftServer.java:600)
2015-03-31 12:03:57 [SEVERE] 	at net.minecraft.server.ThreadMinecraftServer.run(SourceFile:573)
2015-03-31 12:03:57 [WARNING] Skipping TileEntity with id tents
2015-03-31 12:03:57 [SEVERE] java.lang.InstantiationException: com.f3rullo14.cdc.common.blocks.tileentity.TileEntityTentSmall
2015-03-31 12:03:57 [SEVERE] 	at java.lang.Class.newInstance(Class.java:364)
2015-03-31 12:03:57 [SEVERE] 	at net.minecraft.tileentity.TileEntity.func_70317_c(TileEntity.java:143)
2015-03-31 12:03:57 [SEVERE] 	at net.minecraft.world.chunk.storage.AnvilChunkLoader.loadEntities(AnvilChunkLoader.java:554)
2015-03-31 12:03:57 [SEVERE] 	at net.minecraft.world.chunk.storage.AnvilChunkLoader.func_75815_a(AnvilChunkLoader.java:80)
2015-03-31 12:03:57 [SEVERE] 	at net.minecraft.world.gen.ChunkProviderServer.func_73239_e(ChunkProviderServer.java:284)
2015-03-31 12:03:57 [SEVERE] 	at net.minecraft.world.gen.ChunkProviderServer.getChunkAt(ChunkProviderServer.java:178)
2015-03-31 12:03:57 [SEVERE] 	at net.minecraft.world.gen.ChunkProviderServer.func_73158_c(ChunkProviderServer.java:148)
2015-03-31 12:03:57 [SEVERE] 	at net.minecraft.world.gen.ChunkProviderServer.func_73154_d(ChunkProviderServer.java:251)
2015-03-31 12:03:57 [SEVERE] 	at net.minecraft.world.World.func_72964_e(World.java:721)
2015-03-31 12:03:57 [SEVERE] 	at net.minecraft.world.World.func_72849_a(World.java:1247)
2015-03-31 12:03:57 [SEVERE] 	at net.minecraft.world.World.func_72849_a(World.java:1207)
2015-03-31 12:03:57 [SEVERE] 	at net.minecraft.world.World.func_72957_l(World.java:1188)
2015-03-31 12:03:57 [SEVERE] 	at net.minecraft.block.BlockGrass.func_71847_b(BlockGrass.java:30)
2015-03-31 12:03:57 [SEVERE] 	at net.minecraft.world.WorldServer.func_72893_g(WorldServer.java:686)
2015-03-31 12:03:57 [SEVERE] 	at net.minecraft.world.WorldServer.func_72835_b(WorldServer.java:382)
2015-03-31 12:03:57 [SEVERE] 	at net.minecraft.server.MinecraftServer.func_71190_q(MinecraftServer.java:809)
2015-03-31 12:03:57 [SEVERE] 	at net.minecraft.server.dedicated.DedicatedServer.func_71190_q(DedicatedServer.java:320)
2015-03-31 12:03:57 [SEVERE] 	at net.minecraft.server.MinecraftServer.func_71217_p(MinecraftServer.java:716)
2015-03-31 12:03:57 [SEVERE] 	at net.minecraft.server.MinecraftServer.run(MinecraftServer.java:600)
2015-03-31 12:03:57 [SEVERE] 	at net.minecraft.server.ThreadMinecraftServer.run(SourceFile:573)
2015-03-31 12:03:57 [WARNING] Skipping TileEntity with id tents
2015-03-31 12:03:58 [SEVERE] java.lang.InstantiationException: com.f3rullo14.cdc.common.blocks.tileentity.TileEntityTentSmall
2015-03-31 12:03:58 [SEVERE] 	at java.lang.Class.newInstance(Class.java:364)
2015-03-31 12:03:58 [SEVERE] 	at net.minecraft.tileentity.TileEntity.func_70317_c(TileEntity.java:143)
2015-03-31 12:03:58 [SEVERE] 	at net.minecraft.world.chunk.storage.AnvilChunkLoader.loadEntities(AnvilChunkLoader.java:554)
2015-03-31 12:03:58 [SEVERE] 	at org.bukkit.craftbukkit.v1_5_R3.chunkio.ChunkIOProvider.callStage2(ChunkIOProvider.java:49)
2015-03-31 12:03:58 [SEVERE] 	at org.bukkit.craftbukkit.v1_5_R3.chunkio.ChunkIOProvider.callStage2(ChunkIOProvider.java:15)
2015-03-31 12:03:58 [SEVERE] 	at org.bukkit.craftbukkit.v1_5_R3.util.AsynchronousExecutor$Task.finish(AsynchronousExecutor.java:179)
2015-03-31 12:03:58 [SEVERE] 	at org.bukkit.craftbukkit.v1_5_R3.util.AsynchronousExecutor.finishActive(AsynchronousExecutor.java:287)
2015-03-31 12:03:58 [SEVERE] 	at org.bukkit.craftbukkit.v1_5_R3.chunkio.ChunkIOExecutor.tick(ChunkIOExecutor.java:26)
2015-03-31 12:03:58 [SEVERE] 	at net.minecraft.server.MinecraftServer.func_71190_q(MinecraftServer.java:769)
2015-03-31 12:03:58 [SEVERE] 	at net.minecraft.server.dedicated.DedicatedServer.func_71190_q(DedicatedServer.java:320)
2015-03-31 12:03:58 [SEVERE] 	at net.minecraft.server.MinecraftServer.func_71217_p(MinecraftServer.java:716)
2015-03-31 12:03:58 [SEVERE] 	at net.minecraft.server.MinecraftServer.run(MinecraftServer.java:600)
2015-03-31 12:03:58 [SEVERE] 	at net.minecraft.server.ThreadMinecraftServer.run(SourceFile:573)
2015-03-31 12:03:58 [WARNING] Skipping TileEntity with id tents
2015-03-31 12:06:29 [INFO] <zwicker_> amelia wants to make a church and a graveyard tomorrow night[m
2015-03-31 12:06:46 [INFO] <Wirewolf616> sounds good.[m
2015-03-31 12:11:12 [INFO] <Wirewolf616> i made burnie better.[m
2015-03-31 12:11:33 [INFO] <zwicker_> hahhahaha[m
2015-03-31 12:11:41 [INFO] <zwicker_> i wondered where he went[m
2015-03-31 12:14:36 [INFO] <Wirewolf616> I really love netherack[m
2015-03-31 12:15:49 [INFO] <Wirewolf616> Nice garden[m
2015-03-31 12:15:58 [INFO] <zwicker_> thanks brah[m
2015-03-31 12:20:00 [INFO] <Wirewolf616> ive gotta go.Night see you tomoz[m
2015-03-31 12:20:05 [INFO] <zwicker_> NIGHT[m
2015-03-31 12:20:09 [INFO] <zwicker_> caps**[m
2015-03-31 12:20:21 [INFO] <Wirewolf616> lol bye[m
2015-03-31 12:20:27 [INFO] Wirewolf616 lost connection: disconnect.quitting
2015-03-31 12:20:27 [INFO] Connection reset
2015-03-31 12:40:27 [INFO] zwicker_ lost connection: disconnect.quitting
2015-03-31 12:40:27 [INFO] Connection reset
2015-04-01 09:30:20 [INFO] Starting minecraft server version 1.5.2
2015-04-01 09:30:20 [INFO] MinecraftForge v
2015-04-01 09:30:20 [INFO] 7.8.1.738
2015-04-01 09:30:20 [INFO]  Initialized

2015-04-01 09:30:20 [INFO] Replaced 85 ore recipies
2015-04-01 09:30:23 [INFO] [Crafting Dead] Pre-Load initialized!
2015-04-01 09:30:23 [INFO] [CDC] Loaded Properties File!
2015-04-01 09:30:27 [INFO] [Crafting Dead] Pre-Load complete!
2015-04-01 09:30:27 [INFO] Loading properties
2015-04-01 09:30:27 [INFO] Default game type: SURVIVAL
2015-04-01 09:30:27 [INFO] Generating keypair
2015-04-01 09:30:27 [INFO] Starting Minecraft server on *:25565
2015-04-01 09:30:28 [INFO] This server is running CraftBukkit version git-MCPC-Plus-jenkins-MCPC-Plus-Legacy-617 (MC: 1.5.2) (Implementing API version 1.5.2-R1.1-SNAPSHOT)
2015-04-01 09:30:28 [INFO] Adding biome mapping 28 Zombie Forest at BiomeBase[28]
2015-04-01 09:30:28 [INFO] Adding biome mapping 29 Zombie Desert at BiomeBase[29]
2015-04-01 09:30:28 [INFO] Adding biome mapping 30 Zombie Plains at BiomeBase[30]
2015-04-01 09:30:28 [INFO] Adding biome mapping 31 Zombie Snow at BiomeBase[31]
2015-04-01 09:30:28 [INFO] Adding biome mapping 32 Zombie Wasteland at BiomeBase[32]
2015-04-01 09:30:28 [INFO] [Crafting Dead] Main Loading initialized!
2015-04-01 09:30:28 [INFO] [Crafting Dead] Main Loading complete!
2015-04-01 09:30:28 [INFO] [Crafting Dead] Post Load initialized!
2015-04-01 09:30:28 [INFO] [Crafting Dead] Post Load complete!
2015-04-01 09:30:29 [INFO] Preparing level "world"
2015-04-01 09:30:29 [INFO] Registered command debug with permission node vanilla.command.debug
2015-04-01 09:30:29 [INFO] Registered command scoreboard with permission node vanilla.command.scoreboard
2015-04-01 09:30:29 [INFO] Preparing start region for level 0 (Dimension: 0, Seed: -9020418639794869376)
2015-04-01 09:30:29 [INFO] Preparing start region for level 1 (Dimension: 1, Seed: 344833705974549516)
2015-04-01 09:30:29 [INFO] Preparing start region for level 2 (Dimension: -1, Seed: -9020418639794869376)
2015-04-01 09:30:30 [INFO] Server permissions file permissions.yml is empty, ignoring it
2015-04-01 09:30:30 [INFO] Done (1.082s)! For help, type "help" or "?"
2015-04-01 09:30:30 [INFO] [Crafting Dead] FDSCompound: No file to load! Save Data first!
2015-04-01 09:30:30 [INFO] 0
2015-04-01 09:30:30 [INFO] [CDC] FDSCompound: Server Loaded
2015-04-01 09:30:30 [INFO] Registered command cdhelp with permission node com.f3rullo14.cdc.common.commands.CommandHelp
2015-04-01 09:30:30 [INFO] Registered command cdrestore with permission node com.f3rullo14.cdc.common.commands.CommandRestore
2015-04-01 09:30:30 [INFO] Registered command rspawnadd with permission node com.f3rullo14.cdc.common.commands.CommandRspawnAdd
2015-04-01 09:30:30 [INFO] Registered command rspawn with permission node com.f3rullo14.cdc.common.commands.CommandRspawn
2015-04-01 09:30:30 [INFO] Registered command rspawnremove with permission node com.f3rullo14.cdc.common.commands.CommandRspawnRemove
2015-04-01 09:30:30 [INFO] Registered command cdhumanity with permission node com.f3rullo14.cdc.common.commands.CommandHumanity
2015-04-01 09:30:30 [INFO] Registered command cdbase-small with permission node com.f3rullo14.cdc.common.commands.CommandBaseSmall
2015-04-01 09:30:30 [INFO] Registered command cdbase-medium with permission node com.f3rullo14.cdc.common.commands.CommandBaseMedium
2015-04-01 09:30:30 [INFO] Registered command cdbase-large with permission node com.f3rullo14.cdc.common.commands.CommandBaseLarge
2015-04-01 09:30:30 [INFO] Registered command cdSupplyDrop with permission node com.f3rullo14.cdc.common.commands.CommandSupplyDrop
2015-04-01 09:30:30 [INFO] Registered command cdSupplyDropAdd with permission node com.f3rullo14.cdc.common.commands.CommandSDAddSpawn
2015-04-01 09:30:30 [INFO] Registered command cdSupplyDropRemove with permission node com.f3rullo14.cdc.common.commands.CommandSDRemove
2015-04-01 09:30:30 [INFO] Registered command cdClearLag with permission node com.f3rullo14.cdc.common.commands.CommandClearLag
2015-04-01 09:30:55 [INFO] Wirewolf616[/124.148.56.206:54014] logged in with entity id 2 at ([world] 59.69725577032484, 70.0, 249.1767020773491)
2015-04-01 09:45:03 [INFO] SparkleMistress[/124.150.121.143:64905] logged in with entity id 964 at ([world] 311.48802314249554, 73.9155522015921, 11.242635937327291)
2015-04-01 09:49:39 [INFO] CONSOLE: Teleported SparkleMistress to Wirewolf616[m
2015-04-01 09:51:22 [INFO] Starting minecraft server version 1.5.2
2015-04-01 09:51:22 [INFO] MinecraftForge v
2015-04-01 09:51:22 [INFO] 7.8.1.738
2015-04-01 09:51:22 [INFO]  Initialized

2015-04-01 09:51:22 [INFO] Replaced 85 ore recipies
2015-04-01 09:51:25 [INFO] [Crafting Dead] Pre-Load initialized!
2015-04-01 09:51:25 [INFO] [CDC] Loaded Properties File!
2015-04-01 09:51:29 [INFO] [Crafting Dead] Pre-Load complete!
2015-04-01 09:51:29 [INFO] Loading properties
2015-04-01 09:51:29 [INFO] Default game type: SURVIVAL
2015-04-01 09:51:29 [INFO] Generating keypair
2015-04-01 09:51:30 [INFO] Starting Minecraft server on *:25565
2015-04-01 09:51:30 [INFO] This server is running CraftBukkit version git-MCPC-Plus-jenkins-MCPC-Plus-Legacy-617 (MC: 1.5.2) (Implementing API version 1.5.2-R1.1-SNAPSHOT)
2015-04-01 09:51:31 [INFO] Adding biome mapping 28 Zombie Forest at BiomeBase[28]
2015-04-01 09:51:31 [INFO] Adding biome mapping 29 Zombie Desert at BiomeBase[29]
2015-04-01 09:51:31 [INFO] Adding biome mapping 30 Zombie Plains at BiomeBase[30]
2015-04-01 09:51:31 [INFO] Adding biome mapping 31 Zombie Snow at BiomeBase[31]
2015-04-01 09:51:31 [INFO] Adding biome mapping 32 Zombie Wasteland at BiomeBase[32]
2015-04-01 09:51:31 [INFO] [Crafting Dead] Main Loading initialized!
2015-04-01 09:51:31 [INFO] [Crafting Dead] Main Loading complete!
2015-04-01 09:51:32 [INFO] [Crafting Dead] Post Load initialized!
2015-04-01 09:51:32 [INFO] [Crafting Dead] Post Load complete!
2015-04-01 09:51:32 [INFO] Preparing level "world"
2015-04-01 09:51:32 [INFO] Registered command debug with permission node vanilla.command.debug
2015-04-01 09:51:32 [INFO] Registered command scoreboard with permission node vanilla.command.scoreboard
2015-04-01 09:51:33 [INFO] Preparing start region for level 0 (Dimension: 0, Seed: -9020418639794869376)
2015-04-01 09:51:33 [INFO] Preparing start region for level 1 (Dimension: 1, Seed: 344833705974549516)
2015-04-01 09:51:33 [INFO] Preparing start region for level 2 (Dimension: -1, Seed: -9020418639794869376)
2015-04-01 09:51:33 [INFO] Server permissions file permissions.yml is empty, ignoring it
2015-04-01 09:51:34 [INFO] Done (1.840s)! For help, type "help" or "?"
2015-04-01 09:51:34 [INFO] [Crafting Dead] FDSCompound: No file to load! Save Data first!
2015-04-01 09:51:34 [INFO] 0
2015-04-01 09:51:34 [INFO] [CDC] FDSCompound: Server Loaded
2015-04-01 09:51:34 [INFO] Registered command cdhelp with permission node com.f3rullo14.cdc.common.commands.CommandHelp
2015-04-01 09:51:34 [INFO] Registered command cdrestore with permission node com.f3rullo14.cdc.common.commands.CommandRestore
2015-04-01 09:51:34 [INFO] Registered command rspawnadd with permission node com.f3rullo14.cdc.common.commands.CommandRspawnAdd
2015-04-01 09:51:34 [INFO] Registered command rspawn with permission node com.f3rullo14.cdc.common.commands.CommandRspawn
2015-04-01 09:51:34 [INFO] Registered command rspawnremove with permission node com.f3rullo14.cdc.common.commands.CommandRspawnRemove
2015-04-01 09:51:34 [INFO] Registered command cdhumanity with permission node com.f3rullo14.cdc.common.commands.CommandHumanity
2015-04-01 09:51:34 [INFO] Registered command cdbase-small with permission node com.f3rullo14.cdc.common.commands.CommandBaseSmall
2015-04-01 09:51:34 [INFO] Registered command cdbase-medium with permission node com.f3rullo14.cdc.common.commands.CommandBaseMedium
2015-04-01 09:51:34 [INFO] Registered command cdbase-large with permission node com.f3rullo14.cdc.common.commands.CommandBaseLarge
2015-04-01 09:51:34 [INFO] Registered command cdSupplyDrop with permission node com.f3rullo14.cdc.common.commands.CommandSupplyDrop
2015-04-01 09:51:34 [INFO] Registered command cdSupplyDropAdd with permission node com.f3rullo14.cdc.common.commands.CommandSDAddSpawn
2015-04-01 09:51:34 [INFO] Registered command cdSupplyDropRemove with permission node com.f3rullo14.cdc.common.commands.CommandSDRemove
2015-04-01 09:51:34 [INFO] Registered command cdClearLag with permission node com.f3rullo14.cdc.common.commands.CommandClearLag
2015-04-01 09:51:40 [INFO] SparkleMistress[/124.150.121.143:65004] logged in with entity id 2 at ([world] 76.1453151573861, 73.85615861352377, 249.1959346270308)
2015-04-01 09:52:02 [INFO] Wirewolf616[/124.148.56.206:54125] logged in with entity id 76 at ([world] 52.88806087048841, 63.0, 263.401243832719)
2015-04-01 12:10:35 [INFO] SparkleMistress lost connection: disconnect.quitting
2015-04-01 12:10:35 [INFO] Connection reset
2015-04-01 12:14:03 [SEVERE] null
java.io.IOException: Input/output error
	at java.io.FileInputStream.readBytes(Native Method)
	at java.io.FileInputStream.read(FileInputStream.java:272)
	at java.io.BufferedInputStream.fill(BufferedInputStream.java:235)
	at java.io.BufferedInputStream.read(BufferedInputStream.java:254)
	at java.io.FilterInputStream.read(FilterInputStream.java:83)
	at org.bukkit.craftbukkit.libs.jline.console.ConsoleReader$1.read(ConsoleReader.java:167)
	at org.bukkit.craftbukkit.libs.jline.internal.InputStreamReader.read(InputStreamReader.java:267)
	at org.bukkit.craftbukkit.libs.jline.internal.InputStreamReader.read(InputStreamReader.java:204)
	at org.bukkit.craftbukkit.libs.jline.console.ConsoleReader.readCharacter(ConsoleReader.java:995)
	at org.bukkit.craftbukkit.libs.jline.console.ConsoleReader.readLine(ConsoleReader.java:1167)
	at net.minecraft.server.dedicated.DedicatedServerCommandThread.run(DedicatedServerCommandThread.java:37)
2015-04-03 01:39:00 [INFO] Starting minecraft server version 1.5.2
2015-04-03 01:39:00 [INFO] MinecraftForge v
2015-04-03 01:39:00 [INFO] 7.8.1.738
2015-04-03 01:39:00 [INFO]  Initialized

2015-04-03 01:39:00 [INFO] Replaced 85 ore recipies
2015-04-03 01:39:03 [INFO] [Crafting Dead] Pre-Load initialized!
2015-04-03 01:39:03 [INFO] [CDC] Loaded Properties File!
2015-04-03 01:39:07 [INFO] [Crafting Dead] Pre-Load complete!
2015-04-03 01:39:07 [INFO] Loading properties
2015-04-03 01:39:07 [INFO] Default game type: SURVIVAL
2015-04-03 01:39:07 [INFO] Generating keypair
2015-04-03 01:39:07 [INFO] Starting Minecraft server on *:25565
2015-04-03 01:39:08 [INFO] This server is running CraftBukkit version git-MCPC-Plus-jenkins-MCPC-Plus-Legacy-617 (MC: 1.5.2) (Implementing API version 1.5.2-R1.1-SNAPSHOT)
2015-04-03 01:39:08 [INFO] Adding biome mapping 28 Zombie Forest at BiomeBase[28]
2015-04-03 01:39:08 [INFO] Adding biome mapping 29 Zombie Desert at BiomeBase[29]
2015-04-03 01:39:08 [INFO] Adding biome mapping 30 Zombie Plains at BiomeBase[30]
2015-04-03 01:39:08 [INFO] Adding biome mapping 31 Zombie Snow at BiomeBase[31]
2015-04-03 01:39:08 [INFO] Adding biome mapping 32 Zombie Wasteland at BiomeBase[32]
2015-04-03 01:39:08 [INFO] [Crafting Dead] Main Loading initialized!
2015-04-03 01:39:09 [INFO] [Crafting Dead] Main Loading complete!
2015-04-03 01:39:09 [INFO] [Crafting Dead] Post Load initialized!
2015-04-03 01:39:09 [INFO] [Crafting Dead] Post Load complete!
2015-04-03 01:39:09 [INFO] Preparing level "world"
2015-04-03 01:39:09 [INFO] Registered command debug with permission node vanilla.command.debug
2015-04-03 01:39:09 [INFO] Registered command scoreboard with permission node vanilla.command.scoreboard
2015-04-03 01:39:09 [INFO] Preparing start region for level 0 (Dimension: 0, Seed: -9020418639794869376)
2015-04-03 01:39:10 [INFO] Preparing start region for level 1 (Dimension: 1, Seed: 344833705974549516)
2015-04-03 01:39:10 [INFO] Preparing start region for level 2 (Dimension: -1, Seed: -9020418639794869376)
2015-04-03 01:39:10 [INFO] Server permissions file permissions.yml is empty, ignoring it
2015-04-03 01:39:10 [INFO] Done (1.274s)! For help, type "help" or "?"
2015-04-03 01:39:10 [INFO] [Crafting Dead] FDSCompound: No file to load! Save Data first!
2015-04-03 01:39:10 [INFO] 0
2015-04-03 01:39:10 [INFO] [CDC] FDSCompound: Server Loaded
2015-04-03 01:39:10 [INFO] Registered command cdhelp with permission node com.f3rullo14.cdc.common.commands.CommandHelp
2015-04-03 01:39:10 [INFO] Registered command cdrestore with permission node com.f3rullo14.cdc.common.commands.CommandRestore
2015-04-03 01:39:10 [INFO] Registered command rspawnadd with permission node com.f3rullo14.cdc.common.commands.CommandRspawnAdd
2015-04-03 01:39:10 [INFO] Registered command rspawn with permission node com.f3rullo14.cdc.common.commands.CommandRspawn
2015-04-03 01:39:10 [INFO] Registered command rspawnremove with permission node com.f3rullo14.cdc.common.commands.CommandRspawnRemove
2015-04-03 01:39:10 [INFO] Registered command cdhumanity with permission node com.f3rullo14.cdc.common.commands.CommandHumanity
2015-04-03 01:39:10 [INFO] Registered command cdbase-small with permission node com.f3rullo14.cdc.common.commands.CommandBaseSmall
2015-04-03 01:39:10 [INFO] Registered command cdbase-medium with permission node com.f3rullo14.cdc.common.commands.CommandBaseMedium
2015-04-03 01:39:10 [INFO] Registered command cdbase-large with permission node com.f3rullo14.cdc.common.commands.CommandBaseLarge
2015-04-03 01:39:10 [INFO] Registered command cdSupplyDrop with permission node com.f3rullo14.cdc.common.commands.CommandSupplyDrop
2015-04-03 01:39:10 [INFO] Registered command cdSupplyDropAdd with permission node com.f3rullo14.cdc.common.commands.CommandSDAddSpawn
2015-04-03 01:39:10 [INFO] Registered command cdSupplyDropRemove with permission node com.f3rullo14.cdc.common.commands.CommandSDRemove
2015-04-03 01:39:10 [INFO] Registered command cdClearLag with permission node com.f3rullo14.cdc.common.commands.CommandClearLag
2015-04-03 01:39:54 [INFO] SparkleMistress[/58.6.199.56:57633] logged in with entity id 2 at ([world] 92.8338916997228, 64.0, 100.1135691765286)
